2020-05-14 14:47:09 [scrapy.utils.log] INFO: Scrapy 1.6.0 started (bot: Recipeify-spider)
2020-05-14 14:47:09 [scrapy.utils.log] INFO: Versions: lxml 4.5.0.0, libxml2 2.9.9, cssselect 1.1.0, parsel 1.5.2, w3lib 1.21.0, Twisted 20.3.0, Python 3.7.7 (default, May  6 2020, 11:45:54) [MSC v.1916 64 bit (AMD64)], pyOpenSSL 19.1.0 (OpenSSL 1.1.1g  21 Apr 2020), cryptography 2.9.2, Platform Windows-10-10.0.18362-SP0
2020-05-14 14:47:09 [scrapy.crawler] INFO: Overridden settings: {'BOT_NAME': 'Recipeify-spider', 'CONCURRENT_REQUESTS': 8, 'DOWNLOAD_DELAY': 0.05, 'LOG_FILE': 'Recipes/scraper/scrapy.log', 'ROBOTSTXT_OBEY': True, 'USER_AGENT': 'Mozilla/5.0 (X11; Linux x86_64; rv:48.0) Gecko/20100101 Firefox/48.0'}
2020-05-14 14:47:09 [scrapy.extensions.telnet] INFO: Telnet Password: 3a5b42424ed30245
2020-05-14 14:47:09 [scrapy.middleware] INFO: Enabled extensions:
['scrapy.extensions.corestats.CoreStats',
 'scrapy.extensions.telnet.TelnetConsole',
 'scrapy.extensions.logstats.LogStats']
2020-05-14 14:47:09 [scrapy.middleware] INFO: Enabled downloader middlewares:
['scrapy.downloadermiddlewares.robotstxt.RobotsTxtMiddleware',
 'scrapy.downloadermiddlewares.httpauth.HttpAuthMiddleware',
 'scrapy.downloadermiddlewares.downloadtimeout.DownloadTimeoutMiddleware',
 'scrapy.downloadermiddlewares.defaultheaders.DefaultHeadersMiddleware',
 'scrapy.downloadermiddlewares.useragent.UserAgentMiddleware',
 'scrapy.downloadermiddlewares.retry.RetryMiddleware',
 'scrapy.downloadermiddlewares.redirect.MetaRefreshMiddleware',
 'scrapy.downloadermiddlewares.httpcompression.HttpCompressionMiddleware',
 'scrapy.downloadermiddlewares.redirect.RedirectMiddleware',
 'scrapy.downloadermiddlewares.cookies.CookiesMiddleware',
 'scrapy.downloadermiddlewares.httpproxy.HttpProxyMiddleware',
 'scrapy.downloadermiddlewares.stats.DownloaderStats']
2020-05-14 14:47:09 [scrapy.middleware] INFO: Enabled spider middlewares:
['scrapy.spidermiddlewares.httperror.HttpErrorMiddleware',
 'scrapy.spidermiddlewares.offsite.OffsiteMiddleware',
 'scrapy.spidermiddlewares.referer.RefererMiddleware',
 'scrapy.spidermiddlewares.urllength.UrlLengthMiddleware',
 'scrapy.spidermiddlewares.depth.DepthMiddleware']
2020-05-14 14:47:09 [scrapy.middleware] INFO: Enabled item pipelines:
[]
2020-05-14 14:47:09 [scrapy.core.engine] INFO: Spider opened
2020-05-14 14:47:09 [scrapy.extensions.logstats] INFO: Crawled 0 pages (at 0 pages/min), scraped 0 items (at 0 items/min)
2020-05-14 14:47:09 [scrapy.extensions.telnet] INFO: Telnet console listening on 127.0.0.1:6023
2020-05-14 14:47:09 [scrapy.core.engine] DEBUG: Crawled (200) <GET http://delish.com/robots.txt> (referer: None)
2020-05-14 14:47:09 [scrapy.core.engine] DEBUG: Crawled (200) <GET http://delish.com/robots.txt> (referer: None)
2020-05-14 14:47:10 [scrapy.core.engine] DEBUG: Crawled (200) <GET https://www.delish.com/robots.txt> (referer: None)
2020-05-14 14:47:10 [scrapy.core.engine] DEBUG: Crawled (200) <GET https://www.delish.com/sitemap_index.xml/> (referer: http://delish.com/robots.txt)
2020-05-14 14:47:10 [scrapy.core.engine] DEBUG: Crawled (200) <GET https://www.delish.com/sitemap_google_news.xml/> (referer: http://delish.com/robots.txt)
2020-05-14 14:47:11 [scrapy.core.engine] DEBUG: Crawled (200) <GET https://www.delish.com/sitemap_articles_43.xml.gz/> (referer: https://www.delish.com/sitemap_index.xml/)
2020-05-14 14:47:11 [scrapy.core.engine] DEBUG: Crawled (200) <GET https://www.delish.com/sitemap_articles_42.xml.gz/> (referer: https://www.delish.com/sitemap_index.xml/)
2020-05-14 14:47:11 [scrapy.core.engine] DEBUG: Crawled (200) <GET https://www.delish.com/sitemap_articles_39.xml.gz/> (referer: https://www.delish.com/sitemap_index.xml/)
2020-05-14 14:47:11 [scrapy.core.engine] DEBUG: Crawled (200) <GET https://www.delish.com/sitemap_articles_38.xml.gz/> (referer: https://www.delish.com/sitemap_index.xml/)
2020-05-14 14:47:11 [scrapy.core.engine] DEBUG: Crawled (200) <GET https://www.delish.com/sitemap_articles_41.xml.gz/> (referer: https://www.delish.com/sitemap_index.xml/)
2020-05-14 14:47:11 [scrapy.core.engine] DEBUG: Crawled (200) <GET https://www.delish.com/sitemap_articles_37.xml.gz/> (referer: https://www.delish.com/sitemap_index.xml/)
2020-05-14 14:47:11 [scrapy.core.engine] DEBUG: Crawled (200) <GET https://www.delish.com/sitemap_articles_36.xml.gz/> (referer: https://www.delish.com/sitemap_index.xml/)
2020-05-14 14:47:11 [scrapy.core.engine] DEBUG: Crawled (200) <GET https://www.delish.com/sitemap_galleries_7.xml.gz/> (referer: https://www.delish.com/sitemap_index.xml/)
2020-05-14 14:47:11 [scrapy.core.engine] DEBUG: Crawled (200) <GET https://www.delish.com/sitemap_articles_40.xml.gz/> (referer: https://www.delish.com/sitemap_index.xml/)
2020-05-14 14:47:11 [scrapy.core.engine] DEBUG: Crawled (200) <GET https://www.delish.com/cooking/recipe-ideas/recipes/a35128/chicken-salad-with-apples-and-radishes-recipe/> (referer: https://www.delish.com/sitemap_articles_43.xml.gz/)
2020-05-14 14:47:11 [scrapy.core.engine] DEBUG: Crawled (200) <GET https://www.delish.com/cooking/recipe-ideas/recipes/a42539/strawberry-salsa-recipe/> (referer: https://www.delish.com/sitemap_articles_42.xml.gz/)
2020-05-14 14:47:11 [urllib3.connectionpool] DEBUG: Starting new HTTPS connection (1): recipes-309139535.eu-central-1.bonsaisearch.net:443
2020-05-14 14:47:12 [urllib3.connectionpool] DEBUG: https://recipes-309139535.eu-central-1.bonsaisearch.net:443 "PUT /recipes/_doc/delish-35128/_create HTTP/1.1" 409 445
2020-05-14 14:47:12 [elasticsearch] WARNING: PUT https://recipes-309139535.eu-central-1.bonsaisearch.net:443/recipes/_doc/delish-35128/_create [status:409 request:0.365s]
2020-05-14 14:47:12 [elasticsearch] DEBUG: > {"id": "delish-35128", "title": "Chicken Salad with Apples &amp; Radishes", "ingredients": ["<p>Kosher salt and pepper</p>", "1 1/2 lb. <p>boneless, skinless chicken breasts</p>", "1/4 c. <p>lowfat sour cream</p>", "2 tbsp. <p>mayonnaise</p>", "4 <p>radishes</p>", "2 <p>stalks celery</p>", "1 <p>small green apple</p>", "2 <p>scallions</p>", "1 c. <p>watercress</p>"], "link": "https://www.delish.com/cooking/recipe-ideas/recipes/a35128/chicken-salad-with-apples-and-radishes-recipe/", "image": "https://hips.hearstapps.com/del.h-cdn.co/assets/cm/15/10/54f8e904dd159_-_chicken-salad-apples-radishes-xl.jpg", "tags": ["easy chicken recipes", "chicken breast recipes", "chicken salad", "lunch", "easy chicken", "feed a crowd", "dinner", "main dish", "picnic", "summer", "chicken salad recipes"], "diet": [], "total_time": 40, "rating": null}
2020-05-14 14:47:12 [elasticsearch] DEBUG: < {"error":{"root_cause":[{"type":"version_conflict_engine_exception","reason":"[delish-35128]: version conflict, document already exists (current version [1])","index_uuid":"rtFStWteRk-XfLLoT8WJlw","shard":"0","index":"recipes"}],"type":"version_conflict_engine_exception","reason":"[delish-35128]: version conflict, document already exists (current version [1])","index_uuid":"rtFStWteRk-XfLLoT8WJlw","shard":"0","index":"recipes"},"status":409}
2020-05-14 14:47:12 [scrapy.core.engine] DEBUG: Crawled (200) <GET https://www.delish.com/cooking/recipe-ideas/recipes/a44788/bacon-gruyere-butternut-squash-frittata-recipe/> (referer: https://www.delish.com/sitemap_articles_39.xml.gz/)
2020-05-14 14:47:12 [scrapy.core.engine] DEBUG: Crawled (200) <GET https://www.delish.com/sitemap_galleries_8.xml.gz/> (referer: https://www.delish.com/sitemap_index.xml/)
2020-05-14 14:47:12 [urllib3.connectionpool] DEBUG: https://recipes-309139535.eu-central-1.bonsaisearch.net:443 "PUT /recipes/_doc/delish-42539/_create HTTP/1.1" 409 445
2020-05-14 14:47:12 [elasticsearch] WARNING: PUT https://recipes-309139535.eu-central-1.bonsaisearch.net:443/recipes/_doc/delish-42539/_create [status:409 request:0.068s]
2020-05-14 14:47:12 [elasticsearch] DEBUG: > {"id": "delish-42539", "title": "Strawberry Salsa", "ingredients": ["3 c. fresh strawberries, chopped", "1/2 red onion, finely chopped", "1 jalape\u00f1o, finely chopped (seeded if you prefer less heat)", "1/4 c. chopped fresh cilantro", "Juice of 2 limes", "Zest of 1 lime", "pinch of salt", "Tortilla chips, for serving"], "link": "https://www.delish.com/cooking/recipe-ideas/recipes/a42539/strawberry-salsa-recipe/", "image": "https://hips.hearstapps.com/del.h-cdn.co/assets/16/19/1463364984-strawberry-salsa-001.jpg", "tags": ["gluten-free", "american", "low-calorie", "easy salsa recipe", "summer salsa", "strawberry salsa", "dairy-free", "how to make strawberry salsa", "appetizers", "berry salsa", "healthy", "salsa recipes"], "diet": ["dairyfree", "lowcalorie", "glutenfree"], "total_time": 15, "rating": null}
2020-05-14 14:47:12 [elasticsearch] DEBUG: < {"error":{"root_cause":[{"type":"version_conflict_engine_exception","reason":"[delish-42539]: version conflict, document already exists (current version [1])","index_uuid":"rtFStWteRk-XfLLoT8WJlw","shard":"0","index":"recipes"}],"type":"version_conflict_engine_exception","reason":"[delish-42539]: version conflict, document already exists (current version [1])","index_uuid":"rtFStWteRk-XfLLoT8WJlw","shard":"0","index":"recipes"},"status":409}
2020-05-14 14:47:12 [urllib3.connectionpool] DEBUG: https://recipes-309139535.eu-central-1.bonsaisearch.net:443 "PUT /recipes/_doc/delish-44788/_create HTTP/1.1" 201 168
2020-05-14 14:47:12 [elasticsearch] INFO: PUT https://recipes-309139535.eu-central-1.bonsaisearch.net:443/recipes/_doc/delish-44788/_create [status:201 request:0.072s]
2020-05-14 14:47:12 [elasticsearch] DEBUG: > {"id": "delish-44788", "title": "Bacon, Gruyere, and Butternut Squash Frittata", "ingredients": ["6 <p>slices bacon, finely chopped</p>", "1/2 <p>small butternut squash, cut into 1/2\" chunks</p>", "1 <p>small onion, minced</p>", "1 1/2 tbsp. <p>minced rosemary, plus more for garnish</p>", "6 <p>large eggs</p>", "1 1/2 c. <p>whole milk</p>", "3 oz. <p>Gruyere, grated and divided</p>", "<p>kosher salt</p>", "<p>Freshly ground black pepper</p>"], "link": "https://www.delish.com/cooking/recipe-ideas/recipes/a44788/bacon-gruyere-butternut-squash-frittata-recipe/", "image": "https://hips.hearstapps.com/del.h-cdn.co/assets/15/46/1447345764-delish-crustless-quiche.jpg", "tags": ["american", "breakfast recipes", "butternut squash recipes", "dinner", "main dish", "frittata recipes"], "diet": [], "total_time": 35, "rating": 0.85}
2020-05-14 14:47:12 [elasticsearch] DEBUG: < {"_index":"recipes","_type":"_doc","_id":"delish-44788","_version":1,"result":"created","_shards":{"total":2,"successful":2,"failed":0},"_seq_no":744,"_primary_term":1}
2020-05-14 14:47:12 [scrapy.core.engine] DEBUG: Crawled (200) <GET https://www.delish.com/cooking/recipe-ideas/recipes/a46173/kit-kat-brownies-recipe/> (referer: https://www.delish.com/sitemap_articles_37.xml.gz/)
2020-05-14 14:47:12 [urllib3.connectionpool] DEBUG: https://recipes-309139535.eu-central-1.bonsaisearch.net:443 "PUT /recipes/_doc/delish-46173/_create HTTP/1.1" 201 168
2020-05-14 14:47:12 [elasticsearch] INFO: PUT https://recipes-309139535.eu-central-1.bonsaisearch.net:443/recipes/_doc/delish-46173/_create [status:201 request:0.071s]
2020-05-14 14:47:12 [elasticsearch] DEBUG: > {"id": "delish-46173", "title": "Kit Kat Brownies", "ingredients": ["1 box brownie mix (plus any other ingredients the mix requires)", "4 packages Kit Kat bars (or 1 box of Keebler Fudge Sticks)"], "link": "https://www.delish.com/cooking/recipe-ideas/recipes/a46173/kit-kat-brownies-recipe/", "image": "https://hips.hearstapps.com/del.h-cdn.co/assets/16/09/1456789184-delish-kitkat-brownies-grab.png", "tags": ["american", "feed a crowd", "birthday", "cook insta", "dessert"], "diet": [], "total_time": 15, "rating": null}
2020-05-14 14:47:12 [elasticsearch] DEBUG: < {"_index":"recipes","_type":"_doc","_id":"delish-46173","_version":1,"result":"created","_shards":{"total":2,"successful":2,"failed":0},"_seq_no":745,"_primary_term":1}
2020-05-14 14:47:13 [scrapy.core.engine] DEBUG: Crawled (200) <GET https://www.delish.com/cooking/recipe-ideas/recipes/a46101/copycat-olive-garden-salad-dressing-recipe/> (referer: https://www.delish.com/sitemap_articles_38.xml.gz/)
2020-05-14 14:47:13 [urllib3.connectionpool] DEBUG: https://recipes-309139535.eu-central-1.bonsaisearch.net:443 "PUT /recipes/_doc/delish-46101/_create HTTP/1.1" 201 168
2020-05-14 14:47:13 [elasticsearch] INFO: PUT https://recipes-309139535.eu-central-1.bonsaisearch.net:443/recipes/_doc/delish-46101/_create [status:201 request:0.068s]
2020-05-14 14:47:13 [elasticsearch] DEBUG: > {"id": "delish-46101", "title": "Copycat Olive Garden Salad Dressing", "ingredients": ["1/2 c. extra-virgin olive oil", "1/4 c. mayonnaise", "Juice of 1 lemon", "1 packet Italian seasoning", "1 clove garlic, minced", "1 tbsp. freshly grated Pecorino Romano or Parmesan", "kosher salt"], "link": "https://www.delish.com/cooking/recipe-ideas/recipes/a46101/copycat-olive-garden-salad-dressing-recipe/", "image": "https://hips.hearstapps.com/del.h-cdn.co/assets/16/08/1456170361-delish-olive-garden-salad-dressing.jpg", "tags": ["olive garden salad dressing", "gluten-free", "american", "salad", "olive garden vinaigrette", "copycat olive garden dressing"], "diet": ["glutenfree"], "total_time": 5, "rating": 0.6}
2020-05-14 14:47:13 [elasticsearch] DEBUG: < {"_index":"recipes","_type":"_doc","_id":"delish-46101","_version":1,"result":"created","_shards":{"total":2,"successful":2,"failed":0},"_seq_no":746,"_primary_term":1}
2020-05-14 14:47:13 [scrapy.core.engine] DEBUG: Crawled (200) <GET https://www.delish.com/cooking/recipe-ideas/recipes/a46666/salted-caramel-sheet-cake-recipe/> (referer: https://www.delish.com/sitemap_articles_37.xml.gz/)
2020-05-14 14:47:13 [urllib3.connectionpool] DEBUG: https://recipes-309139535.eu-central-1.bonsaisearch.net:443 "PUT /recipes/_doc/delish-46666/_create HTTP/1.1" 201 168
2020-05-14 14:47:13 [elasticsearch] INFO: PUT https://recipes-309139535.eu-central-1.bonsaisearch.net:443/recipes/_doc/delish-46666/_create [status:201 request:0.071s]
2020-05-14 14:47:13 [elasticsearch] DEBUG: > {"id": "delish-46666", "title": "Salted Caramel Sheet Cake", "ingredients": ["1 c. <p>butter, softened</p>", "1 c. <p>packed dark brown sugar</p>", "1/2 c. <p>granulated sugar</p>", "2 <p>large eggs, at room temperature</p>", "2 tsp. <p>pure vanilla extract</p>", "1/2 c. <p>plain yogurt</p>", "2 1/4 c. <p>all-purpose flour, plus more for flouring pan</p>", "1 tsp. <p>baking soda</p>", "1/2 tsp. <p>kosher salt</p>", "1 c. <p>whole milk</p>", "1/2 c. <p>butter</p>", "1 c. <p>packed dark brown sugar</p>", "6 tbsp. <p>whole milk, divided</p>", "3 c. <p>sifted powdered sugar</p>", "1 tsp. <p>pure vanilla extract</p>", "1/4 tsp. <p>kosher salt</p>", "<p>Salted caramel sauce</p>", "<p>Heath Bits 'o Brickle Toffee Bits</p>", "<p>Sea salt, for sprinkling on top</p>"], "link": "https://www.delish.com/cooking/recipe-ideas/recipes/a46666/salted-caramel-sheet-cake-recipe/", "image": "https://hips.hearstapps.com/del.h-cdn.co/assets/16/14/1459821268-delish-salted-caramel-sheet-cake.jpg", "tags": ["birthday cake", "caramel cake", "salted caramel cake", "salted caramel frosting", "sheet cake", "caramel frosting", "caramel sheet cake", "salted caramel sheet cake", "salted caramel", "cake", "dessert"], "diet": [], "total_time": 100, "rating": null}
2020-05-14 14:47:13 [elasticsearch] DEBUG: < {"_index":"recipes","_type":"_doc","_id":"delish-46666","_version":1,"result":"created","_shards":{"total":2,"successful":2,"failed":0},"_seq_no":747,"_primary_term":1}
2020-05-14 14:47:13 [scrapy.core.engine] DEBUG: Crawled (200) <GET https://www.delish.com/cooking/recipe-ideas/recipes/a43869/baked-apple-crisps-recipe/> (referer: https://www.delish.com/sitemap_articles_40.xml.gz/)
2020-05-14 14:47:14 [urllib3.connectionpool] DEBUG: https://recipes-309139535.eu-central-1.bonsaisearch.net:443 "PUT /recipes/_doc/delish-43869/_create HTTP/1.1" 201 168
2020-05-14 14:47:14 [elasticsearch] INFO: PUT https://recipes-309139535.eu-central-1.bonsaisearch.net:443/recipes/_doc/delish-43869/_create [status:201 request:0.072s]
2020-05-14 14:47:14 [elasticsearch] DEBUG: > {"id": "delish-43869", "title": "Apple Crisp Apples", "ingredients": ["6 large baking apples, divided", "2 c. old-fashioned rolled oats", "6 tbsp. butter, softened", "1/4 c. brown sugar", "1 tbsp. ground cinnamon", "4 scoops vanilla ice cream", "Caramel sauce, for drizzling"], "link": "https://www.delish.com/cooking/recipe-ideas/recipes/a43869/baked-apple-crisps-recipe/", "image": "https://hips.hearstapps.com/del.h-cdn.co/assets/17/39/1506717151-apple-crisp-apples-still-01.jpg", "tags": ["baked apples", "mini apple crisps", "american", "apple crisps recipe", "baked apple crisps", "dessert"], "diet": [], "total_time": 45, "rating": 1.0}
2020-05-14 14:47:14 [elasticsearch] DEBUG: < {"_index":"recipes","_type":"_doc","_id":"delish-43869","_version":1,"result":"created","_shards":{"total":2,"successful":2,"failed":0},"_seq_no":748,"_primary_term":1}
2020-05-14 14:47:14 [scrapy.core.engine] DEBUG: Crawled (200) <GET https://www.delish.com/cooking/recipe-ideas/recipes/a46685/sit-and-spinach-burger-recipe/> (referer: https://www.delish.com/sitemap_articles_37.xml.gz/)
2020-05-14 14:47:14 [scrapy.core.engine] DEBUG: Crawled (200) <GET https://www.delish.com/cooking/recipe-ideas/recipes/a43870/baked-apple-cheesecakes-recipe/> (referer: https://www.delish.com/sitemap_articles_40.xml.gz/)
2020-05-14 14:47:14 [urllib3.connectionpool] DEBUG: https://recipes-309139535.eu-central-1.bonsaisearch.net:443 "PUT /recipes/_doc/delish-46685/_create HTTP/1.1" 201 168
2020-05-14 14:47:14 [elasticsearch] INFO: PUT https://recipes-309139535.eu-central-1.bonsaisearch.net:443/recipes/_doc/delish-46685/_create [status:201 request:0.068s]
2020-05-14 14:47:14 [elasticsearch] DEBUG: > {"id": "delish-46685", "title": "Sit And Spinach Burger", "ingredients": ["1 tbsp. extra-virgin olive oil", "1 tsp. minced garlic", "2 bunches spinach, chopped, stems discarded", "1 lb. ground beef", "kosher salt", "Freshly ground black pepper", "2 tbsp. lemon juice", "2 tbsp. red wine vinegar", "4 slices mozzarella", "4 Hamburger buns", "1 large tomato, cut into 4 slices"], "link": "https://www.delish.com/cooking/recipe-ideas/recipes/a46685/sit-and-spinach-burger-recipe/", "image": "https://hips.hearstapps.com/del.h-cdn.co/assets/16/14/1459967371-spinach-burger.jpg", "tags": ["spinach burger", "mozzarella", "bob's burgers", "cheeseburger", "hamburger", "main dish", "burger"], "diet": [], "total_time": 40, "rating": null}
2020-05-14 14:47:14 [elasticsearch] DEBUG: < {"_index":"recipes","_type":"_doc","_id":"delish-46685","_version":1,"result":"created","_shards":{"total":2,"successful":2,"failed":0},"_seq_no":749,"_primary_term":1}
2020-05-14 14:47:14 [scrapy.core.engine] DEBUG: Crawled (200) <GET https://www.delish.com/cooking/recipe-ideas/recipes/a43871/baked-apple-with-brie-and-honey-recipe/> (referer: https://www.delish.com/sitemap_articles_40.xml.gz/)
2020-05-14 14:47:14 [urllib3.connectionpool] DEBUG: https://recipes-309139535.eu-central-1.bonsaisearch.net:443 "PUT /recipes/_doc/delish-43870/_create HTTP/1.1" 201 168
2020-05-14 14:47:14 [elasticsearch] INFO: PUT https://recipes-309139535.eu-central-1.bonsaisearch.net:443/recipes/_doc/delish-43870/_create [status:201 request:0.070s]
2020-05-14 14:47:14 [elasticsearch] DEBUG: > {"id": "delish-43870", "title": "Cheesecake Stuffed Apples", "ingredients": ["4 tbsp. <p>melted butter</p>", "2 tbsp. <p>brown sugar</p>", "1 tsp. <p>cinnamon, plus more for dusting</p>", "4 <p>baking apples, tops sliced, insides scooped</p>", "2 <p>blocks cream cheese, softened</p>", "1/2 c. <p>powdered sugar</p>", "1/2 tsp. <p>pure vanilla extract</p>", "<p>Crushed graham crackers, for garnish</p>"], "link": "https://www.delish.com/cooking/recipe-ideas/recipes/a43870/baked-apple-cheesecakes-recipe/", "image": "https://hips.hearstapps.com/del.h-cdn.co/assets/15/38/1442352385-baked-apple-cheesecake.jpg", "tags": ["baked apples", "baked apple cheesecake", "baked apple desserts", "american", "apple cheesecake", "baked apple recipes", "dessert"], "diet": [], "total_time": 45, "rating": 0.9}
2020-05-14 14:47:14 [elasticsearch] DEBUG: < {"_index":"recipes","_type":"_doc","_id":"delish-43870","_version":1,"result":"created","_shards":{"total":2,"successful":2,"failed":0},"_seq_no":750,"_primary_term":1}
2020-05-14 14:47:14 [urllib3.connectionpool] DEBUG: https://recipes-309139535.eu-central-1.bonsaisearch.net:443 "PUT /recipes/_doc/delish-43871/_create HTTP/1.1" 201 168
2020-05-14 14:47:14 [elasticsearch] INFO: PUT https://recipes-309139535.eu-central-1.bonsaisearch.net:443/recipes/_doc/delish-43871/_create [status:201 request:0.068s]
2020-05-14 14:47:14 [elasticsearch] DEBUG: > {"id": "delish-43871", "title": "Baked Apples with Brie and Honey", "ingredients": ["4 large baking apples, halved horizontally", "8 oz. brie, sliced", "3 tbsp. honey", "2 tbsp. chopped walnuts"], "link": "https://www.delish.com/cooking/recipe-ideas/recipes/a43871/baked-apple-with-brie-and-honey-recipe/", "image": "https://hips.hearstapps.com/del.h-cdn.co/assets/15/38/1442352327-baked-apple-brie.jpg", "tags": ["baked apple", "baked apple with brie", "american", "autumn", "dessert", "baked apple with honey"], "diet": [], "total_time": 45, "rating": null}
2020-05-14 14:47:14 [elasticsearch] DEBUG: < {"_index":"recipes","_type":"_doc","_id":"delish-43871","_version":1,"result":"created","_shards":{"total":2,"successful":2,"failed":0},"_seq_no":751,"_primary_term":1}
2020-05-14 14:47:14 [scrapy.core.engine] DEBUG: Crawled (200) <GET https://www.delish.com/cooking/recipe-ideas/recipes/a44791/chicken-tagine-couscous-recipe/> (referer: https://www.delish.com/sitemap_articles_39.xml.gz/)
2020-05-14 14:47:14 [scrapy.core.engine] DEBUG: Crawled (200) <GET https://www.delish.com/cooking/recipe-ideas/recipes/a44369/slow-cooker-barbecue-bourbon-chicken-wings-recipe/> (referer: https://www.delish.com/sitemap_articles_40.xml.gz/)
2020-05-14 14:47:14 [urllib3.connectionpool] DEBUG: https://recipes-309139535.eu-central-1.bonsaisearch.net:443 "PUT /recipes/_doc/delish-44791/_create HTTP/1.1" 201 168
2020-05-14 14:47:14 [elasticsearch] INFO: PUT https://recipes-309139535.eu-central-1.bonsaisearch.net:443/recipes/_doc/delish-44791/_create [status:201 request:0.068s]
2020-05-14 14:47:14 [elasticsearch] DEBUG: > {"id": "delish-44791", "title": "Chicken Tagine with Couscous", "ingredients": ["1/4 c. extra-virgin olive oil, divided", "1 1/2 lb. boneless chicken thighs, quartered", "kosher salt", "Freshly ground black pepper", "1 carrot, peeled and diced", "1 celery stalk, diced", "1 small red onion, diced", "3 cloves garlic, minced", "1/2 tsp. cinnamon", "1/2 tsp. allspice", "1 tsp. cumin", "1/2 tsp. coriander", "1 28-oz. can whole, peeled tomatoes, with juices", "2 c. low-sodium chicken broth", "1 1/2 c. dried figs, stemmed and quartered", "3/4 c. freshly chopped mint, divided", "1 5.8-oz. box couscous", "1/2 c. freshly chopped cilantro", "1/2 c. slivered almonds, toasted"], "link": "https://www.delish.com/cooking/recipe-ideas/recipes/a44791/chicken-tagine-couscous-recipe/", "image": "https://hips.hearstapps.com/del.h-cdn.co/assets/15/46/1447347465-delish-chicken-tagine.jpg", "tags": ["tagine recipes", "chicken dinners", "easy chicken", "dinner", "main dish", "fall dinners"], "diet": [], "total_time": 40, "rating": null}
2020-05-14 14:47:14 [elasticsearch] DEBUG: < {"_index":"recipes","_type":"_doc","_id":"delish-44791","_version":1,"result":"created","_shards":{"total":2,"successful":2,"failed":0},"_seq_no":752,"_primary_term":1}
2020-05-14 14:47:14 [urllib3.connectionpool] DEBUG: https://recipes-309139535.eu-central-1.bonsaisearch.net:443 "PUT /recipes/_doc/delish-44369/_create HTTP/1.1" 201 168
2020-05-14 14:47:14 [elasticsearch] INFO: PUT https://recipes-309139535.eu-central-1.bonsaisearch.net:443/recipes/_doc/delish-44369/_create [status:201 request:0.071s]
2020-05-14 14:47:14 [elasticsearch] DEBUG: > {"id": "delish-44369", "title": "Slow-Cooker Barbecue-Bourbon Chicken Wings", "ingredients": ["2 lb. <p>chicken wings</p>", "1 c. <p>barbecue sauce (store-bought or homemade), plus more for serving</p>", "2 tbsp. <p>bourbon</p>", "<p>kosher salt</p>", "<p>Freshly ground black pepper</p>"], "link": "https://www.delish.com/cooking/recipe-ideas/recipes/a44369/slow-cooker-barbecue-bourbon-chicken-wings-recipe/", "image": "https://hips.hearstapps.com/del.h-cdn.co/assets/15/42/1445027607-barbecue-bourbon-wings-delish-1.jpg", "tags": ["slow cooker barbecue chicken wings", "slow cooker bourbon chicken wings", "american", "slow cooker chicken wings", "easy chicken", "barbecue whisky wings", "low-cost", "appetizers", "slow cooker barbecue wings", "tailgate"], "diet": [], "total_time": 190, "rating": 0.8}
2020-05-14 14:47:14 [elasticsearch] DEBUG: < {"_index":"recipes","_type":"_doc","_id":"delish-44369","_version":1,"result":"created","_shards":{"total":2,"successful":2,"failed":0},"_seq_no":753,"_primary_term":1}
2020-05-14 14:47:14 [scrapy.core.engine] DEBUG: Crawled (200) <GET https://www.delish.com/cooking/recipe-ideas/recipes/a43868/mini-baked-apple-pies-recipe/> (referer: https://www.delish.com/sitemap_articles_40.xml.gz/)
2020-05-14 14:47:15 [urllib3.connectionpool] DEBUG: https://recipes-309139535.eu-central-1.bonsaisearch.net:443 "PUT /recipes/_doc/delish-43868/_create HTTP/1.1" 201 168
2020-05-14 14:47:15 [elasticsearch] INFO: PUT https://recipes-309139535.eu-central-1.bonsaisearch.net:443/recipes/_doc/delish-43868/_create [status:201 request:0.068s]
2020-05-14 14:47:15 [elasticsearch] DEBUG: > {"id": "delish-43868", "title": "Mini Baked Apple Pies", "ingredients": ["4 large baking apples, tops sliced off and insides scooped out", "2 tbsp. butter", "1 tbsp. cinnamon", "2 tbsp. water", "1 sheet refrigerated pie crust (or homemade)", "1 large egg, beaten with 1 tbsp. water", "Sugar, for sprinkling", "Caramel sauce, for drizzling"], "link": "https://www.delish.com/cooking/recipe-ideas/recipes/a43868/mini-baked-apple-pies-recipe/", "image": "https://hips.hearstapps.com/del.h-cdn.co/assets/15/38/1442352165-baked-apple-pie.jpg", "tags": ["american", "baked apple pie", "dessert", "baked apple lattice crust", "mini apple pie"], "diet": [], "total_time": 55, "rating": null}
2020-05-14 14:47:15 [elasticsearch] DEBUG: < {"_index":"recipes","_type":"_doc","_id":"delish-43868","_version":1,"result":"created","_shards":{"total":2,"successful":2,"failed":0},"_seq_no":754,"_primary_term":1}
2020-05-14 14:47:15 [scrapy.core.engine] DEBUG: Crawled (200) <GET https://www.delish.com/cooking/recipe-ideas/recipes/a43872/breakfast-baked-apples-recipe/> (referer: https://www.delish.com/sitemap_articles_40.xml.gz/)
2020-05-14 14:47:15 [scrapy.core.engine] DEBUG: Crawled (200) <GET https://www.delish.com/cooking/recipe-ideas/recipes/a43866/greens-on-the-go-smoothie-recipe/> (referer: https://www.delish.com/sitemap_articles_40.xml.gz/)
2020-05-14 14:47:15 [urllib3.connectionpool] DEBUG: https://recipes-309139535.eu-central-1.bonsaisearch.net:443 "PUT /recipes/_doc/delish-43872/_create HTTP/1.1" 201 168
2020-05-14 14:47:15 [elasticsearch] INFO: PUT https://recipes-309139535.eu-central-1.bonsaisearch.net:443/recipes/_doc/delish-43872/_create [status:201 request:0.069s]
2020-05-14 14:47:15 [elasticsearch] DEBUG: > {"id": "delish-43872", "title": "Breakfast Baked Apples", "ingredients": ["2 <p>cups old-fashioned rolled oats</p>", "3 c. <p>water</p>", "2 tbsp. <p>maple syrup</p>", "1 tbsp. <p>ground cinnamon</p>", "4 <p>large baking apples, tops sliced and insides hollowed</p>", "2 tbsp. <p>dried cranberries</p>", "2 tbsp. <p>chopped pecans</p>"], "link": "https://www.delish.com/cooking/recipe-ideas/recipes/a43872/breakfast-baked-apples-recipe/", "image": "https://hips.hearstapps.com/del.h-cdn.co/assets/15/38/1442352275-baked-apple-breakfast.jpg", "tags": ["mini baked oatmeal", "baked apples", "american", "baked apple oatmeal", "individual apple oatmeal", "breakfast"], "diet": [], "total_time": 45, "rating": null}
2020-05-14 14:47:15 [elasticsearch] DEBUG: < {"_index":"recipes","_type":"_doc","_id":"delish-43872","_version":1,"result":"created","_shards":{"total":2,"successful":2,"failed":0},"_seq_no":755,"_primary_term":1}
2020-05-14 14:47:16 [urllib3.connectionpool] DEBUG: https://recipes-309139535.eu-central-1.bonsaisearch.net:443 "PUT /recipes/_doc/delish-43866/_create HTTP/1.1" 201 168
2020-05-14 14:47:16 [elasticsearch] INFO: PUT https://recipes-309139535.eu-central-1.bonsaisearch.net:443/recipes/_doc/delish-43866/_create [status:201 request:0.068s]
2020-05-14 14:47:16 [elasticsearch] DEBUG: > {"id": "delish-43866", "title": "Greens on the Go Smoothie", "ingredients": ["3 Pineapple Spears", "2 c. kale", "1 green apple, roughly chopped", "1/2 c. baby spinach"], "link": "https://www.delish.com/cooking/recipe-ideas/recipes/a43866/greens-on-the-go-smoothie-recipe/", "image": "https://hips.hearstapps.com/del.h-cdn.co/assets/15/38/1442344124-samantha-wennerstrom-smoothie-delish.jpg", "tags": ["american", "green smoothie recipe", "dairy-free", "pineapple green smoothie recipe", "easy green smoothie recipe", "green smoothie with fruit"], "diet": ["dairyfree"], "total_time": 5, "rating": null}
2020-05-14 14:47:16 [elasticsearch] DEBUG: < {"_index":"recipes","_type":"_doc","_id":"delish-43866","_version":1,"result":"created","_shards":{"total":2,"successful":2,"failed":0},"_seq_no":756,"_primary_term":1}
2020-05-14 14:47:16 [scrapy.core.engine] DEBUG: Crawled (200) <GET https://www.delish.com/cooking/recipe-ideas/recipes/a43873/baked-apples-with-bacon-and-cheddar-recipe/> (referer: https://www.delish.com/sitemap_articles_40.xml.gz/)
2020-05-14 14:47:16 [urllib3.connectionpool] DEBUG: https://recipes-309139535.eu-central-1.bonsaisearch.net:443 "PUT /recipes/_doc/delish-43873/_create HTTP/1.1" 201 168
2020-05-14 14:47:16 [elasticsearch] INFO: PUT https://recipes-309139535.eu-central-1.bonsaisearch.net:443/recipes/_doc/delish-43873/_create [status:201 request:0.066s]
2020-05-14 14:47:16 [elasticsearch] DEBUG: > {"id": "delish-43873", "title": "Baked Apples with Bacon and Cheddar", "ingredients": ["1 lb. bacon", "4 large baking apples, halved horizontally", "1/2 lb. cheddar, sliced"], "link": "https://www.delish.com/cooking/recipe-ideas/recipes/a43873/baked-apples-with-bacon-and-cheddar-recipe/", "image": "https://hips.hearstapps.com/del.h-cdn.co/assets/15/38/1442416227-baked-apples-bacon.jpg", "tags": ["baked apples with bacon", "baked apples", "american", "autumn", "baked apples and cheddar", "snack"], "diet": [], "total_time": 45, "rating": 1.0}
2020-05-14 14:47:16 [elasticsearch] DEBUG: < {"_index":"recipes","_type":"_doc","_id":"delish-43873","_version":1,"result":"created","_shards":{"total":2,"successful":2,"failed":0},"_seq_no":757,"_primary_term":1}
2020-05-14 14:47:16 [scrapy.core.engine] DEBUG: Crawled (200) <GET https://www.delish.com/cooking/recipe-ideas/recipes/a43893/halloween-cocktail-ideas-transformation-cocktail-recipe/> (referer: https://www.delish.com/sitemap_articles_40.xml.gz/)
2020-05-14 14:47:16 [scrapy.core.engine] DEBUG: Crawled (200) <GET https://www.delish.com/cooking/recipe-ideas/recipes/a43896/halloween-cocktail-ideas-zombie-cocktail-recipe/> (referer: https://www.delish.com/sitemap_articles_40.xml.gz/)
2020-05-14 14:47:16 [scrapy.core.engine] DEBUG: Crawled (200) <GET https://www.delish.com/cooking/recipe-ideas/recipes/a44079/no-churn-pumpkin-pie-ice-cream-recipe/> (referer: https://www.delish.com/sitemap_articles_40.xml.gz/)
2020-05-14 14:47:16 [urllib3.connectionpool] DEBUG: https://recipes-309139535.eu-central-1.bonsaisearch.net:443 "PUT /recipes/_doc/delish-43893/_create HTTP/1.1" 201 168
2020-05-14 14:47:16 [elasticsearch] INFO: PUT https://recipes-309139535.eu-central-1.bonsaisearch.net:443/recipes/_doc/delish-43893/_create [status:201 request:0.069s]
2020-05-14 14:47:16 [elasticsearch] DEBUG: > {"id": "delish-43893", "title": "Transformation Cocktail Recipe", "ingredients": ["2 oz. light rum", "1 oz. orange juice", "2 oz. blackberry Brandy", "2 oz. strawberry puree", "1 c. ice"], "link": "https://www.delish.com/cooking/recipe-ideas/recipes/a43893/halloween-cocktail-ideas-transformation-cocktail-recipe/", "image": "https://hips.hearstapps.com/del.h-cdn.co/assets/15/38/1442433084-delish-halloween-cocktails-transformation-drink.png", "tags": ["jekyll and hyde club", "halloween", "american", "cocktails"], "diet": [], "total_time": 5, "rating": null}
2020-05-14 14:47:16 [elasticsearch] DEBUG: < {"_index":"recipes","_type":"_doc","_id":"delish-43893","_version":1,"result":"created","_shards":{"total":2,"successful":2,"failed":0},"_seq_no":758,"_primary_term":1}
2020-05-14 14:47:17 [urllib3.connectionpool] DEBUG: https://recipes-309139535.eu-central-1.bonsaisearch.net:443 "PUT /recipes/_doc/delish-43896/_create HTTP/1.1" 201 168
2020-05-14 14:47:17 [elasticsearch] INFO: PUT https://recipes-309139535.eu-central-1.bonsaisearch.net:443/recipes/_doc/delish-43896/_create [status:201 request:0.067s]
2020-05-14 14:47:17 [elasticsearch] DEBUG: > {"id": "delish-43896", "title": "Zombie Cocktail Recipe", "ingredients": ["1 oz. light rum", "1 oz. dark rum", "1 oz. apricot liquor", "2 oz. orange juice", "1 dash lime Bitters", "1 handful ice", "1 oz. Bacardi 151 Rum", "orange slice and cherry, for garnish"], "link": "https://www.delish.com/cooking/recipe-ideas/recipes/a43896/halloween-cocktail-ideas-zombie-cocktail-recipe/", "image": "https://hips.hearstapps.com/del.h-cdn.co/assets/15/38/1442434559-delish-halloween-cocktails-zombie.png", "tags": ["halloween", "party ideas", "american", "cocktails"], "diet": [], "total_time": 5, "rating": null}
2020-05-14 14:47:17 [elasticsearch] DEBUG: < {"_index":"recipes","_type":"_doc","_id":"delish-43896","_version":1,"result":"created","_shards":{"total":2,"successful":2,"failed":0},"_seq_no":759,"_primary_term":1}
2020-05-14 14:47:17 [urllib3.connectionpool] DEBUG: https://recipes-309139535.eu-central-1.bonsaisearch.net:443 "PUT /recipes/_doc/delish-44079/_create HTTP/1.1" 201 168
2020-05-14 14:47:17 [elasticsearch] INFO: PUT https://recipes-309139535.eu-central-1.bonsaisearch.net:443/recipes/_doc/delish-44079/_create [status:201 request:0.072s]
2020-05-14 14:47:17 [elasticsearch] DEBUG: > {"id": "delish-44079", "title": "No-Churn Pumpkin Pie Ice Cream", "ingredients": ["2 c. heavy cream", "1 14-oz. can sweetened condensed milk", "1/3 c. canned pumpkin", "2 tsp. pumpkin pie spice", "1 tsp. pure vanilla extract", "1 c. crushed ginger snaps"], "link": "https://www.delish.com/cooking/recipe-ideas/recipes/a44079/no-churn-pumpkin-pie-ice-cream-recipe/", "image": "https://hips.hearstapps.com/del.h-cdn.co/assets/16/33/1471472478-delish-pumpkin-pie-no-churn-04.jpg", "tags": ["pumpkin ice cream recipe easy", "american", "pumpkin pie ice cream", "pumpkin pie no churn", "dessert"], "diet": [], "total_time": 250, "rating": null}
2020-05-14 14:47:17 [elasticsearch] DEBUG: < {"_index":"recipes","_type":"_doc","_id":"delish-44079","_version":1,"result":"created","_shards":{"total":2,"successful":2,"failed":0},"_seq_no":760,"_primary_term":1}
2020-05-14 14:47:17 [scrapy.core.engine] DEBUG: Crawled (200) <GET https://www.delish.com/cooking/recipe-ideas/recipes/a43714/best-tailgate-cocktails-auburn-war-eagle-rum-punch-recipe/> (referer: https://www.delish.com/sitemap_articles_40.xml.gz/)
2020-05-14 14:47:17 [scrapy.core.engine] DEBUG: Crawled (200) <GET https://www.delish.com/cooking/recipe-ideas/recipes/a43890/the-risen-from-the-grave-cocktail-recipe/> (referer: https://www.delish.com/sitemap_articles_40.xml.gz/)
2020-05-14 14:47:17 [urllib3.connectionpool] DEBUG: https://recipes-309139535.eu-central-1.bonsaisearch.net:443 "PUT /recipes/_doc/delish-43714/_create HTTP/1.1" 201 168
2020-05-14 14:47:17 [elasticsearch] INFO: PUT https://recipes-309139535.eu-central-1.bonsaisearch.net:443/recipes/_doc/delish-43714/_create [status:201 request:0.066s]
2020-05-14 14:47:17 [elasticsearch] DEBUG: > {"id": "delish-43714", "title": "Auburn \"War Eagle\" Rum Punch Recipe", "ingredients": ["4 oz. rum", "6 oz. orange juice", "1 handful ice", "4 oz. sprite"], "link": "https://www.delish.com/cooking/recipe-ideas/recipes/a43714/best-tailgate-cocktails-auburn-war-eagle-rum-punch-recipe/", "image": "https://hips.hearstapps.com/del.h-cdn.co/assets/15/36/1441060802-delish-tailgate-cocktails-auburn.png", "tags": ["american", "cocktail", "tailgating"], "diet": [], "total_time": 5, "rating": null}
2020-05-14 14:47:17 [elasticsearch] DEBUG: < {"_index":"recipes","_type":"_doc","_id":"delish-43714","_version":1,"result":"created","_shards":{"total":2,"successful":2,"failed":0},"_seq_no":761,"_primary_term":1}
2020-05-14 14:47:17 [scrapy.core.engine] DEBUG: Crawled (200) <GET https://www.delish.com/cooking/recipe-ideas/recipes/a43895/halloween-cocktail-ideas-good-and-evil-cocktail-recipe/> (referer: https://www.delish.com/sitemap_articles_40.xml.gz/)
2020-05-14 14:47:17 [urllib3.connectionpool] DEBUG: https://recipes-309139535.eu-central-1.bonsaisearch.net:443 "PUT /recipes/_doc/delish-43890/_create HTTP/1.1" 201 168
2020-05-14 14:47:17 [elasticsearch] INFO: PUT https://recipes-309139535.eu-central-1.bonsaisearch.net:443/recipes/_doc/delish-43890/_create [status:201 request:0.066s]
2020-05-14 14:47:17 [elasticsearch] DEBUG: > {"id": "delish-43890", "title": "The Risen from the Grave Cocktail Recipe", "ingredients": ["3 oz. Absolut Citron vodka", "2 oz. St. Germain", "1 handful ice", "1/4 oz. strawberry puree", "Strawberry and mint leaf (for garnish)"], "link": "https://www.delish.com/cooking/recipe-ideas/recipes/a43890/the-risen-from-the-grave-cocktail-recipe/", "image": "https://hips.hearstapps.com/del.h-cdn.co/assets/15/38/1442431366-delish-halloween-cocktails-risen-from-grave.png", "tags": ["american", "halloween", "absolut", "strawberry", "st. germain", "cocktails"], "diet": [], "total_time": 5, "rating": null}
2020-05-14 14:47:17 [elasticsearch] DEBUG: < {"_index":"recipes","_type":"_doc","_id":"delish-43890","_version":1,"result":"created","_shards":{"total":2,"successful":2,"failed":0},"_seq_no":762,"_primary_term":1}
2020-05-14 14:47:17 [scrapy.core.engine] DEBUG: Crawled (200) <GET https://www.delish.com/cooking/recipe-ideas/recipes/a43709/caramelized-onion-tart-goat-cheese-recipe/> (referer: https://www.delish.com/sitemap_articles_40.xml.gz/)
2020-05-14 14:47:17 [urllib3.connectionpool] DEBUG: https://recipes-309139535.eu-central-1.bonsaisearch.net:443 "PUT /recipes/_doc/delish-43895/_create HTTP/1.1" 201 168
2020-05-14 14:47:17 [elasticsearch] INFO: PUT https://recipes-309139535.eu-central-1.bonsaisearch.net:443/recipes/_doc/delish-43895/_create [status:201 request:0.066s]
2020-05-14 14:47:17 [elasticsearch] DEBUG: > {"id": "delish-43895", "title": "Good and Evil Cocktail Recipe", "ingredients": ["1 oz. vodka", "1 oz. ApplePucker", "1 oz. Midori", "1 oz. triple sec", "1 handful ice", "pineapple juice", "Sierra Mist", "lemon slice, for garnish"], "link": "https://www.delish.com/cooking/recipe-ideas/recipes/a43895/halloween-cocktail-ideas-good-and-evil-cocktail-recipe/", "image": "https://hips.hearstapps.com/del.h-cdn.co/assets/15/38/1442433700-delish-halloween-cocktails-good-evil-drink.png", "tags": ["party ideas", "american", "cocktails"], "diet": [], "total_time": 5, "rating": null}
2020-05-14 14:47:17 [elasticsearch] DEBUG: < {"_index":"recipes","_type":"_doc","_id":"delish-43895","_version":1,"result":"created","_shards":{"total":2,"successful":2,"failed":0},"_seq_no":763,"_primary_term":1}
2020-05-14 14:47:17 [urllib3.connectionpool] DEBUG: https://recipes-309139535.eu-central-1.bonsaisearch.net:443 "PUT /recipes/_doc/delish-43709/_create HTTP/1.1" 201 168
2020-05-14 14:47:17 [elasticsearch] INFO: PUT https://recipes-309139535.eu-central-1.bonsaisearch.net:443/recipes/_doc/delish-43709/_create [status:201 request:0.067s]
2020-05-14 14:47:17 [elasticsearch] DEBUG: > {"id": "delish-43709", "title": "Caramelized Onion Tart with Goat Cheese and Thyme", "ingredients": ["1 14-oz. sheet frozen puff pastry, thawed", "1/4 c. Country Crock Original", "2 large onions, thinly sliced into half moons", "2 tbsp. brown sugar", "kosher salt", "Freshly ground black pepper", "8 oz. goat cheese, crumbled", "10 fresh thyme sprigs"], "link": "https://www.delish.com/cooking/recipe-ideas/recipes/a43709/caramelized-onion-tart-goat-cheese-recipe/", "image": "https://hips.hearstapps.com/del.h-cdn.co/assets/15/36/1441051312-country-crock-week-3-onion-tart-1.jpg", "tags": ["tart recipes", "main dish", "goat cheese", "appetizers", "caramelized onion tart", "thyme", "dinner", "onion recipes", "goat cheese recipes"], "diet": [], "total_time": 45, "rating": null}
2020-05-14 14:47:17 [elasticsearch] DEBUG: < {"_index":"recipes","_type":"_doc","_id":"delish-43709","_version":1,"result":"created","_shards":{"total":2,"successful":2,"failed":0},"_seq_no":764,"_primary_term":1}
2020-05-14 14:47:18 [scrapy.core.engine] DEBUG: Crawled (200) <GET https://www.delish.com/cooking/recipe-ideas/recipes/a43880/beef-broccoli-red-peppers-recipe/> (referer: https://www.delish.com/sitemap_articles_40.xml.gz/)
2020-05-14 14:47:18 [scrapy.core.engine] DEBUG: Crawled (200) <GET https://www.delish.com/cooking/recipe-ideas/recipes/a43889/fireball-caramel-cider-recipe/> (referer: https://www.delish.com/sitemap_articles_40.xml.gz/)
2020-05-14 14:47:18 [scrapy.core.engine] INFO: Closing spider (Crawled enough pages)
2020-05-14 14:47:18 [scrapy.core.engine] DEBUG: Crawled (200) <GET https://www.delish.com/cooking/recipe-ideas/recipes/a43900/mini-pumpkin-chocolate-chip-muffins-recipe/> (referer: https://www.delish.com/sitemap_articles_40.xml.gz/)
2020-05-14 14:47:18 [scrapy.core.engine] DEBUG: Crawled (200) <GET https://www.delish.com/cooking/recipe-ideas/recipes/a43799/bacon-wrapped-chicken-breasts-stuffed-zucchini-fontina-recipe/> (referer: https://www.delish.com/sitemap_articles_40.xml.gz/)
2020-05-14 14:47:19 [scrapy.core.engine] DEBUG: Crawled (200) <GET https://www.delish.com/cooking/recipe-ideas/recipes/a43800/harissa-rubbed-chicken-herbed-israeli-couscous-stuffing-recipe/> (referer: https://www.delish.com/sitemap_articles_40.xml.gz/)
2020-05-14 14:47:19 [scrapy.core.engine] DEBUG: Crawled (200) <GET https://www.delish.com/cooking/recipe-ideas/recipes/a43822/caprese-stuffed-chicken-recipe/> (referer: https://www.delish.com/sitemap_articles_40.xml.gz/)
2020-05-14 14:47:19 [scrapy.core.engine] DEBUG: Crawled (200) <GET https://www.delish.com/cooking/recipe-ideas/recipes/a43878/croque-madames-tomato-rosemary-ham-recipe/> (referer: https://www.delish.com/sitemap_articles_40.xml.gz/)
2020-05-14 14:47:19 [scrapy.core.engine] DEBUG: Crawled (200) <GET https://www.delish.com/cooking/recipe-ideas/recipes/a43882/prosciutto-wrapped-chicken-breasts-with-broccoli-rabe-pesto-recipe/> (referer: https://www.delish.com/sitemap_articles_40.xml.gz/)
2020-05-14 14:47:19 [scrapy.core.engine] DEBUG: Crawled (200) <GET https://www.delish.com/cooking/recipe-ideas/recipes/a43706/sauteed-shrimp-lemon-parsley-spread-couscous-recipe/> (referer: https://www.delish.com/sitemap_articles_40.xml.gz/)
2020-05-14 14:47:20 [scrapy.core.engine] DEBUG: Crawled (200) <GET https://www.delish.com/cooking/recipe-ideas/recipes/a43875/lideys-maple-walnut-baked-oatmeal-recipe/> (referer: https://www.delish.com/sitemap_articles_40.xml.gz/)
2020-05-14 14:47:21 [scrapy.statscollectors] INFO: Dumping Scrapy stats:
{'downloader/request_bytes': 17350,
 'downloader/request_count': 48,
 'downloader/request_method_count/GET': 48,
 'downloader/response_bytes': 1469090,
 'downloader/response_count': 48,
 'downloader/response_status_count/200': 48,
 'finish_reason': 'Crawled enough pages',
 'finish_time': datetime.datetime(2020, 5, 14, 11, 47, 21, 58187),
 'log_count/DEBUG': 118,
 'log_count/INFO': 30,
 'log_count/WARNING': 2,
 'request_depth_max': 3,
 'response_received_count': 48,
 'robotstxt/request_count': 2,
 'robotstxt/response_count': 2,
 'robotstxt/response_status_count/200': 2,
 'scheduler/dequeued': 46,
 'scheduler/dequeued/memory': 46,
 'scheduler/enqueued': 997,
 'scheduler/enqueued/memory': 997,
 'start_time': datetime.datetime(2020, 5, 14, 11, 47, 9, 509919)}
2020-05-14 14:47:21 [scrapy.core.engine] INFO: Spider closed (Crawled enough pages)
